<?xml version="1.0" encoding="UTF-8"?>
<!-- Generated by org.testng.reporters.JUnitXMLReporter -->
<testsuite hostname="A2ML22163" name="Test3" tests="4" failures="0" timestamp="16 Oct 2018 06:47:00 GMT" time="0.051" errors="0">
  <testcase name="@BeforeTest startReport" time="0.0" classname="ExtentReport.ExtentReportsEx">
    <failure type="org.testng.TestNGException" message="
Parameter &amp;apos;OS&amp;apos; is required by @Configuration on method startReport but has not been marked @Optional or defined
in D:\Demoprojects\WebdriverTest\testng.xml">
      <![CDATA[org.testng.TestNGException: 
Parameter 'OS' is required by @Configuration on method startReport but has not been marked @Optional or defined
in D:\Demoprojects\WebdriverTest\testng.xml
... Removed 19 stack frames]]>
    </failure>
  </testcase> <!-- @BeforeTest startReport -->
  <testcase name="@AfterMethod getResult" time="0.0" classname="ExtentReport.ExtentReportsEx">
    <skipped/>
  </testcase> <!-- @AfterMethod getResult -->
  <testcase name="@AfterMethod getResult" time="0.0" classname="ExtentReport.ExtentReportsEx">
    <skipped/>
  </testcase> <!-- @AfterMethod getResult -->
  <testcase name="@AfterMethod getResult" time="0.0" classname="ExtentReport.ExtentReportsEx">
    <skipped/>
  </testcase> <!-- @AfterMethod getResult -->
  <testcase name="@AfterMethod getResult" time="0.0" classname="ExtentReport.ExtentReportsEx">
    <skipped/>
  </testcase> <!-- @AfterMethod getResult -->
  <testcase name="@AfterTest tearDown" time="0.0" classname="ExtentReport.ExtentReportsEx">
    <skipped/>
  </testcase> <!-- @AfterTest tearDown -->
  <testcase name="testCase1" time="0.005" classname="ExtentReport.ExtentReportsEx">
    <skipped/>
  </testcase> <!-- testCase1 -->
  <testcase name="testCase2" time="0.001" classname="ExtentReport.ExtentReportsEx">
    <skipped/>
  </testcase> <!-- testCase2 -->
  <testcase name="testCase3" time="0.001" classname="ExtentReport.ExtentReportsEx">
    <skipped/>
  </testcase> <!-- testCase3 -->
  <testcase name="testCase5" time="0.001" classname="ExtentReport.ExtentReportsEx">
    <skipped/>
  </testcase> <!-- testCase5 -->
</testsuite> <!-- Test3 -->
