<?xml version="1.0" encoding="UTF-8"?>
<!-- Generated by org.testng.reporters.JUnitXMLReporter -->
<testsuite hostname="A2ML22163" name="Test1" tests="10" failures="1" timestamp="15 Oct 2018 06:48:24 GMT" time="62.621" errors="0">
  <testcase name="invokebrowser" time="15.337" classname="example.transferfunds"/>
  <testcase name="login" time="2.289" classname="example.transferfunds"/>
  <testcase name="navigatebackword" time="10.693" classname="example.transferfunds"/>
  <testcase name="onlinebanking" time="1.748" classname="example.transferfunds"/>
  <testcase name="transferfunds" time="2.15" classname="example.transferfunds"/>
  <testcase name="invokebrowser" time="5.178" classname="example.NewTest">
    <failure type="java.lang.AssertionError" message="expected [true] but found [false]">
      <![CDATA[java.lang.AssertionError: expected [true] but found [false]
	at example.NewTest.invokebrowser(NewTest.java:32)
... Removed 28 stack frames]]>
    </failure>
  </testcase> <!-- invokebrowser -->
  <testcase name="login" time="1.885" classname="example.NewTest"/>
  <testcase name="navigatebackword" time="11.708" classname="example.NewTest"/>
  <testcase name="onlinebanking" time="1.641" classname="example.NewTest"/>
  <testcase name="transferfunds" time="2.272" classname="example.NewTest"/>
</testsuite> <!-- Test1 -->
